=== [2026-04-14 18:30:01] FAST SYNC START ===
Traceback (most recent call last):
  File "/home/mk7193/vcenter/cmdb_sync_fast.py", line 29, in <module>
    import pymysql
ModuleNotFoundError: No module named 'pymysql'
=== [2026-04-14 19:00:01] FAST SYNC START ===
Traceback (most recent call last):
  File "/home/mk7193/vcenter/cmdb_sync_fast.py", line 29, in <module>
    import pymysql
ModuleNotFoundError: No module named 'pymysql'
=== [2026-04-14 19:30:01] FAST SYNC START ===
Traceback (most recent call last):
  File "/home/mk7193/vcenter/cmdb_sync_fast.py", line 29, in <module>
    import pymysql
ModuleNotFoundError: No module named 'pymysql'
=== [2026-04-14 20:00:01] FAST SYNC START ===
Traceback (most recent call last):
  File "/home/mk7193/vcenter/cmdb_sync_fast.py", line 29, in <module>
    import pymysql
ModuleNotFoundError: No module named 'pymysql'
=== [2026-04-14 20:30:02] FAST SYNC START ===
Traceback (most recent call last):
  File "/home/mk7193/vcenter/cmdb_sync_fast.py", line 29, in <module>
    import pymysql
ModuleNotFoundError: No module named 'pymysql'
=== [2026-04-14 21:00:01] FAST SYNC START ===
Traceback (most recent call last):
  File "/home/mk7193/vcenter/cmdb_sync_fast.py", line 29, in <module>
    import pymysql
ModuleNotFoundError: No module named 'pymysql'
=== [2026-04-14 21:30:01] FAST SYNC START ===
Traceback (most recent call last):
  File "/home/mk7193/vcenter/cmdb_sync_fast.py", line 29, in <module>
    import pymysql
ModuleNotFoundError: No module named 'pymysql'
=== [2026-04-14 22:00:01] FAST SYNC START ===
Traceback (most recent call last):
  File "/home/mk7193/vcenter/cmdb_sync_fast.py", line 29, in <module>
    import pymysql
ModuleNotFoundError: No module named 'pymysql'
=== [2026-04-14 22:30:01] FAST SYNC START ===
Traceback (most recent call last):
  File "/home/mk7193/vcenter/cmdb_sync_fast.py", line 29, in <module>
    import pymysql
ModuleNotFoundError: No module named 'pymysql'
=== [2026-04-14 23:00:01] FAST SYNC START ===
Traceback (most recent call last):
  File "/home/mk7193/vcenter/cmdb_sync_fast.py", line 29, in <module>
    import pymysql
ModuleNotFoundError: No module named 'pymysql'
=== [2026-04-14 23:30:01] FAST SYNC START ===
Traceback (most recent call last):
  File "/home/mk7193/vcenter/cmdb_sync_fast.py", line 29, in <module>
    import pymysql
ModuleNotFoundError: No module named 'pymysql'
=== [2026-04-15 00:00:01] FAST SYNC START ===
Traceback (most recent call last):
  File "/home/mk7193/vcenter/cmdb_sync_fast.py", line 29, in <module>
    import pymysql
ModuleNotFoundError: No module named 'pymysql'
=== [2026-04-15 00:30:01] FAST SYNC START ===
Traceback (most recent call last):
  File "/home/mk7193/vcenter/cmdb_sync_fast.py", line 29, in <module>
    import pymysql
ModuleNotFoundError: No module named 'pymysql'
=== [2026-04-15 01:00:01] FAST SYNC START ===
Traceback (most recent call last):
  File "/home/mk7193/vcenter/cmdb_sync_fast.py", line 29, in <module>
    import pymysql
ModuleNotFoundError: No module named 'pymysql'
=== [2026-04-14 21:30:01] FAST SYNC START ===

[*] https://phx1-thryv-vcsa01.expedient.com  —  events since 2026-04-15 01:02:00
[!] Error syncing ~/vcenter/na1: [Errno 2] No such file or directory: 'govc'

[*] https://ev3vccomp01a.corp.pvt  —  events since 2026-04-15 01:02:01
[!] Error syncing ~/vcenter/ev3: [Errno 2] No such file or directory: 'govc'
/home/mk7193/vcenter/cmdb_sync_fast.py:423: DeprecationWarning: datetime.datetime.utcnow() is deprecated and scheduled for removal in a future version. Use timezone-aware objects to represent datetimes in UTC: datetime.datetime.now(datetime.UTC).
  (datetime.utcnow(), scan_id))

[+] Fast sync complete (scan_id=6)
=== FAST SYNC DONE (exit=0) ===
[2026-04-14 22:00:01] [SKIP] Lock file exists (pid=19982), another sync is running.
[2026-04-14 22:30:01] [SKIP] Lock file exists (pid=19982), another sync is running.
=== [2026-04-14 23:00:01] FAST SYNC START ===

[*] https://phx1-thryv-vcsa01.expedient.com  —  events since 2026-04-15 01:49:49
    VMs to refresh : 0
    VMs to remove  : 0
/home/mk7193/vcenter/cmdb_sync_fast.py:382: DeprecationWarning: datetime.datetime.utcnow() is deprecated and scheduled for removal in a future version. Use timezone-aware objects to represent datetimes in UTC: datetime.datetime.now(datetime.UTC).
  (datetime.utcnow(), latest_dt if latest_dt != since_dt else None, vcenter_url)
    Updated : 0
    Removed : 0
    Skipped : 0 (VM name not found in vCenter path)

[*] https://ev3vccomp01a.corp.pvt  —  events since 2026-04-15 01:49:50
    VMs to refresh : 0
    VMs to remove  : 0
/home/mk7193/vcenter/cmdb_sync_fast.py:382: DeprecationWarning: datetime.datetime.utcnow() is deprecated and scheduled for removal in a future version. Use timezone-aware objects to represent datetimes in UTC: datetime.datetime.now(datetime.UTC).
  (datetime.utcnow(), latest_dt if latest_dt != since_dt else None, vcenter_url)
    Updated : 0
    Removed : 0
    Skipped : 0 (VM name not found in vCenter path)
/home/mk7193/vcenter/cmdb_sync_fast.py:423: DeprecationWarning: datetime.datetime.utcnow() is deprecated and scheduled for removal in a future version. Use timezone-aware objects to represent datetimes in UTC: datetime.datetime.now(datetime.UTC).
  (datetime.utcnow(), scan_id))

[+] Fast sync complete (scan_id=10)
=== FAST SYNC DONE (exit=0) ===
=== [2026-04-14 23:30:01] FAST SYNC START ===

[*] https://phx1-thryv-vcsa01.expedient.com  —  events since 2026-04-15 03:00:02
    VMs to refresh : 0
    VMs to remove  : 0
/home/mk7193/vcenter/cmdb_sync_fast.py:382: DeprecationWarning: datetime.datetime.utcnow() is deprecated and scheduled for removal in a future version. Use timezone-aware objects to represent datetimes in UTC: datetime.datetime.now(datetime.UTC).
  (datetime.utcnow(), latest_dt if latest_dt != since_dt else None, vcenter_url)
    Updated : 0
    Removed : 0
    Skipped : 0 (VM name not found in vCenter path)

[*] https://ev3vccomp01a.corp.pvt  —  events since 2026-04-15 03:00:04
    VMs to refresh : 0
    VMs to remove  : 0
/home/mk7193/vcenter/cmdb_sync_fast.py:382: DeprecationWarning: datetime.datetime.utcnow() is deprecated and scheduled for removal in a future version. Use timezone-aware objects to represent datetimes in UTC: datetime.datetime.now(datetime.UTC).
  (datetime.utcnow(), latest_dt if latest_dt != since_dt else None, vcenter_url)
    Updated : 0
    Removed : 0
    Skipped : 0 (VM name not found in vCenter path)
/home/mk7193/vcenter/cmdb_sync_fast.py:423: DeprecationWarning: datetime.datetime.utcnow() is deprecated and scheduled for removal in a future version. Use timezone-aware objects to represent datetimes in UTC: datetime.datetime.now(datetime.UTC).
  (datetime.utcnow(), scan_id))

[+] Fast sync complete (scan_id=11)
=== FAST SYNC DONE (exit=0) ===
=== [2026-04-15 00:00:01] FAST SYNC START ===

[*] https://phx1-thryv-vcsa01.expedient.com  —  events since 2026-04-15 03:30:02
    VMs to refresh : 0
    VMs to remove  : 0
/home/mk7193/vcenter/cmdb_sync_fast.py:382: DeprecationWarning: datetime.datetime.utcnow() is deprecated and scheduled for removal in a future version. Use timezone-aware objects to represent datetimes in UTC: datetime.datetime.now(datetime.UTC).
  (datetime.utcnow(), latest_dt if latest_dt != since_dt else None, vcenter_url)
    Updated : 0
    Removed : 0
    Skipped : 0 (VM name not found in vCenter path)

[*] https://ev3vccomp01a.corp.pvt  —  events since 2026-04-15 03:30:03
    VMs to refresh : 0
    VMs to remove  : 0
/home/mk7193/vcenter/cmdb_sync_fast.py:382: DeprecationWarning: datetime.datetime.utcnow() is deprecated and scheduled for removal in a future version. Use timezone-aware objects to represent datetimes in UTC: datetime.datetime.now(datetime.UTC).
  (datetime.utcnow(), latest_dt if latest_dt != since_dt else None, vcenter_url)
    Updated : 0
    Removed : 0
    Skipped : 0 (VM name not found in vCenter path)
/home/mk7193/vcenter/cmdb_sync_fast.py:423: DeprecationWarning: datetime.datetime.utcnow() is deprecated and scheduled for removal in a future version. Use timezone-aware objects to represent datetimes in UTC: datetime.datetime.now(datetime.UTC).
  (datetime.utcnow(), scan_id))

[+] Fast sync complete (scan_id=12)
=== FAST SYNC DONE (exit=0) ===
=== [2026-04-15 00:30:01] FAST SYNC START ===

[*] https://phx1-thryv-vcsa01.expedient.com  —  events since 2026-04-15 04:00:02
    VMs to refresh : 0
    VMs to remove  : 0
/home/mk7193/vcenter/cmdb_sync_fast.py:382: DeprecationWarning: datetime.datetime.utcnow() is deprecated and scheduled for removal in a future version. Use timezone-aware objects to represent datetimes in UTC: datetime.datetime.now(datetime.UTC).
  (datetime.utcnow(), latest_dt if latest_dt != since_dt else None, vcenter_url)
    Updated : 0
    Removed : 0
    Skipped : 0 (VM name not found in vCenter path)

[*] https://ev3vccomp01a.corp.pvt  —  events since 2026-04-15 04:00:03
    VMs to refresh : 0
    VMs to remove  : 0
/home/mk7193/vcenter/cmdb_sync_fast.py:382: DeprecationWarning: datetime.datetime.utcnow() is deprecated and scheduled for removal in a future version. Use timezone-aware objects to represent datetimes in UTC: datetime.datetime.now(datetime.UTC).
  (datetime.utcnow(), latest_dt if latest_dt != since_dt else None, vcenter_url)
    Updated : 0
    Removed : 0
    Skipped : 0 (VM name not found in vCenter path)
/home/mk7193/vcenter/cmdb_sync_fast.py:423: DeprecationWarning: datetime.datetime.utcnow() is deprecated and scheduled for removal in a future version. Use timezone-aware objects to represent datetimes in UTC: datetime.datetime.now(datetime.UTC).
  (datetime.utcnow(), scan_id))

[+] Fast sync complete (scan_id=13)
=== FAST SYNC DONE (exit=0) ===
=== [2026-04-15 01:00:01] FAST SYNC START ===

[*] https://phx1-thryv-vcsa01.expedient.com  —  events since 2026-04-15 04:30:02
    VMs to refresh : 0
    VMs to remove  : 0
/home/mk7193/vcenter/cmdb_sync_fast.py:382: DeprecationWarning: datetime.datetime.utcnow() is deprecated and scheduled for removal in a future version. Use timezone-aware objects to represent datetimes in UTC: datetime.datetime.now(datetime.UTC).
  (datetime.utcnow(), latest_dt if latest_dt != since_dt else None, vcenter_url)
    Updated : 0
    Removed : 0
    Skipped : 0 (VM name not found in vCenter path)

[*] https://ev3vccomp01a.corp.pvt  —  events since 2026-04-15 04:30:03
    VMs to refresh : 0
    VMs to remove  : 0
/home/mk7193/vcenter/cmdb_sync_fast.py:382: DeprecationWarning: datetime.datetime.utcnow() is deprecated and scheduled for removal in a future version. Use timezone-aware objects to represent datetimes in UTC: datetime.datetime.now(datetime.UTC).
  (datetime.utcnow(), latest_dt if latest_dt != since_dt else None, vcenter_url)
    Updated : 0
    Removed : 0
    Skipped : 0 (VM name not found in vCenter path)
/home/mk7193/vcenter/cmdb_sync_fast.py:423: DeprecationWarning: datetime.datetime.utcnow() is deprecated and scheduled for removal in a future version. Use timezone-aware objects to represent datetimes in UTC: datetime.datetime.now(datetime.UTC).
  (datetime.utcnow(), scan_id))

[+] Fast sync complete (scan_id=14)
=== FAST SYNC DONE (exit=0) ===
=== [2026-04-15 01:30:01] FAST SYNC START ===

[*] https://phx1-thryv-vcsa01.expedient.com  —  events since 2026-04-15 05:00:01
    VMs to refresh : 0
    VMs to remove  : 0
/home/mk7193/vcenter/cmdb_sync_fast.py:382: DeprecationWarning: datetime.datetime.utcnow() is deprecated and scheduled for removal in a future version. Use timezone-aware objects to represent datetimes in UTC: datetime.datetime.now(datetime.UTC).
  (datetime.utcnow(), latest_dt if latest_dt != since_dt else None, vcenter_url)
    Updated : 0
    Removed : 0
    Skipped : 0 (VM name not found in vCenter path)

[*] https://ev3vccomp01a.corp.pvt  —  events since 2026-04-15 05:00:03
    VMs to refresh : 0
    VMs to remove  : 0
/home/mk7193/vcenter/cmdb_sync_fast.py:382: DeprecationWarning: datetime.datetime.utcnow() is deprecated and scheduled for removal in a future version. Use timezone-aware objects to represent datetimes in UTC: datetime.datetime.now(datetime.UTC).
  (datetime.utcnow(), latest_dt if latest_dt != since_dt else None, vcenter_url)
    Updated : 0
    Removed : 0
    Skipped : 0 (VM name not found in vCenter path)
/home/mk7193/vcenter/cmdb_sync_fast.py:423: DeprecationWarning: datetime.datetime.utcnow() is deprecated and scheduled for removal in a future version. Use timezone-aware objects to represent datetimes in UTC: datetime.datetime.now(datetime.UTC).
  (datetime.utcnow(), scan_id))

[+] Fast sync complete (scan_id=15)
=== FAST SYNC DONE (exit=0) ===
=== [2026-04-15 02:00:01] FULL REFRESH START ===
[1/2] Running vcenter_inventory.py...
=== [2026-04-15 02:00:01] FAST SYNC START ===

[*] Loading env: ~/vcenter/na1

[*] https://phx1-thryv-vcsa01.expedient.com  —  events since 2026-04-15 05:30:02
    Datacenter : /PHX1-THRYV-DC
    Field map  : {'App_Name': 301, 'Description': 302, 'Owner': 201, 'VI.ENV': 207, 'VI.LANDSCAPE': 208, 'VI.OWNER': 204, 'VI.PURPOSE': 205, 'VI.TIER': 206, 'cmdb_uuid': 51, 'deployment': 49}
[*] Discovering VMs...
    VMs to refresh : 0
    VMs to remove  : 0
/home/mk7193/vcenter/cmdb_sync_fast.py:382: DeprecationWarning: datetime.datetime.utcnow() is deprecated and scheduled for removal in a future version. Use timezone-aware objects to represent datetimes in UTC: datetime.datetime.now(datetime.UTC).
  (datetime.utcnow(), latest_dt if latest_dt != since_dt else None, vcenter_url)
    Updated : 0
    Removed : 0
    Skipped : 0 (VM name not found in vCenter path)

[*] https://ev3vccomp01a.corp.pvt  —  events since 2026-04-15 05:30:04
    VMs to refresh : 0
    VMs to remove  : 0
/home/mk7193/vcenter/cmdb_sync_fast.py:382: DeprecationWarning: datetime.datetime.utcnow() is deprecated and scheduled for removal in a future version. Use timezone-aware objects to represent datetimes in UTC: datetime.datetime.now(datetime.UTC).
  (datetime.utcnow(), latest_dt if latest_dt != since_dt else None, vcenter_url)
    Updated : 0
    Removed : 0
    Skipped : 0 (VM name not found in vCenter path)
/home/mk7193/vcenter/cmdb_sync_fast.py:423: DeprecationWarning: datetime.datetime.utcnow() is deprecated and scheduled for removal in a future version. Use timezone-aware objects to represent datetimes in UTC: datetime.datetime.now(datetime.UTC).
  (datetime.utcnow(), scan_id))

[+] Fast sync complete (scan_id=16)
=== FAST SYNC DONE (exit=0) ===
[*] Found 3489 VMs. Collecting with 30 workers...
    200/3489 processed...
    400/3489 processed...
    600/3489 processed...
    800/3489 processed...
    1000/3489 processed...
    1200/3489 processed...
    1400/3489 processed...
    1600/3489 processed...
    1800/3489 processed...
    2000/3489 processed...
    2200/3489 processed...
    2400/3489 processed...
    2600/3489 processed...
    2800/3489 processed...
    3000/3489 processed...
    3200/3489 processed...
    3400/3489 processed...

[*] Loading env: ~/vcenter/ev3
    Datacenter : /ev3dccomp01
    Field map  : {'App_Name': 7501, 'Description': 7101, 'Owner': 3605, 'VI.ENV': 7406, 'VI.LANDSCAPE': 7407, 'VI.OWNER': 7403, 'VI.PURPOSE': 7404, 'VI.TIER': 7405, 'cmdb_uuid': 3701, 'deployment': 7005}
[*] Discovering VMs...
[*] Found 1644 VMs. Collecting with 30 workers...
    200/1644 processed...
=== [2026-04-15 02:30:01] FAST SYNC START ===

[*] https://phx1-thryv-vcsa01.expedient.com  —  events since 2026-04-15 06:00:02
    VMs to refresh : 0
    VMs to remove  : 0
/home/mk7193/vcenter/cmdb_sync_fast.py:382: DeprecationWarning: datetime.datetime.utcnow() is deprecated and scheduled for removal in a future version. Use timezone-aware objects to represent datetimes in UTC: datetime.datetime.now(datetime.UTC).
  (datetime.utcnow(), latest_dt if latest_dt != since_dt else None, vcenter_url)
    Updated : 0
    Removed : 0
    Skipped : 0 (VM name not found in vCenter path)

[*] https://ev3vccomp01a.corp.pvt  —  events since 2026-04-15 06:00:04
    VMs to refresh : 0
    VMs to remove  : 0
/home/mk7193/vcenter/cmdb_sync_fast.py:382: DeprecationWarning: datetime.datetime.utcnow() is deprecated and scheduled for removal in a future version. Use timezone-aware objects to represent datetimes in UTC: datetime.datetime.now(datetime.UTC).
  (datetime.utcnow(), latest_dt if latest_dt != since_dt else None, vcenter_url)
    Updated : 0
    Removed : 0
    Skipped : 0 (VM name not found in vCenter path)
/home/mk7193/vcenter/cmdb_sync_fast.py:423: DeprecationWarning: datetime.datetime.utcnow() is deprecated and scheduled for removal in a future version. Use timezone-aware objects to represent datetimes in UTC: datetime.datetime.now(datetime.UTC).
  (datetime.utcnow(), scan_id))

[+] Fast sync complete (scan_id=17)
=== FAST SYNC DONE (exit=0) ===
    400/1644 processed...
    600/1644 processed...
    800/1644 processed...
    1000/1644 processed...
    1200/1644 processed...
    1400/1644 processed...
=== [2026-04-15 03:00:01] FAST SYNC START ===

[*] https://phx1-thryv-vcsa01.expedient.com  —  events since 2026-04-15 06:30:02
    VMs to refresh : 0
    VMs to remove  : 0
/home/mk7193/vcenter/cmdb_sync_fast.py:382: DeprecationWarning: datetime.datetime.utcnow() is deprecated and scheduled for removal in a future version. Use timezone-aware objects to represent datetimes in UTC: datetime.datetime.now(datetime.UTC).
  (datetime.utcnow(), latest_dt if latest_dt != since_dt else None, vcenter_url)
    Updated : 0
    Removed : 0
    Skipped : 0 (VM name not found in vCenter path)

[*] https://ev3vccomp01a.corp.pvt  —  events since 2026-04-15 06:30:03
    VMs to refresh : 0
    VMs to remove  : 0
/home/mk7193/vcenter/cmdb_sync_fast.py:382: DeprecationWarning: datetime.datetime.utcnow() is deprecated and scheduled for removal in a future version. Use timezone-aware objects to represent datetimes in UTC: datetime.datetime.now(datetime.UTC).
  (datetime.utcnow(), latest_dt if latest_dt != since_dt else None, vcenter_url)
    Updated : 0
    Removed : 0
    Skipped : 0 (VM name not found in vCenter path)
/home/mk7193/vcenter/cmdb_sync_fast.py:423: DeprecationWarning: datetime.datetime.utcnow() is deprecated and scheduled for removal in a future version. Use timezone-aware objects to represent datetimes in UTC: datetime.datetime.now(datetime.UTC).
  (datetime.utcnow(), scan_id))

[+] Fast sync complete (scan_id=18)
=== FAST SYNC DONE (exit=0) ===
    1600/1644 processed...

[+] Done. 5133 total VMs written to /tmp/vcenter_inventory.csv
    /PHX1-THRYV-DC                       linux     : 2541
    /PHX1-THRYV-DC                       other     : 8
    /PHX1-THRYV-DC                       windows   : 940
    /ev3dccomp01                         linux     : 1478
    /ev3dccomp01                         other     : 2
    /ev3dccomp01                         windows   : 164
      CSV written to /tmp/vcenter_inventory.csv
[2/2] Running cmdb_import.py...
[*] Scan run ID: 19
[*] Loaded 5133 rows from /tmp/vcenter_inventory.csv
/home/mk7193/vcenter/cmdb_import.py:176: DeprecationWarning: datetime.datetime.utcnow() is deprecated and scheduled for removal in a future version. Use timezone-aware objects to represent datetimes in UTC: datetime.datetime.now(datetime.UTC).
  now = datetime.utcnow()
    500/5133 imported...
    1000/5133 imported...
    1500/5133 imported...
    2000/5133 imported...
    2500/5133 imported...
    3000/5133 imported...
    3500/5133 imported...
    4000/5133 imported...
    4500/5133 imported...
    5000/5133 imported...
/home/mk7193/vcenter/cmdb_import.py:259: DeprecationWarning: datetime.datetime.utcnow() is deprecated and scheduled for removal in a future version. Use timezone-aware objects to represent datetimes in UTC: datetime.datetime.now(datetime.UTC).
  (datetime.utcnow(), scan_id))

[+] Import complete.
    Imported/updated : 5133
    Marked inactive  : 0
    Scan run ID      : 19
=== FULL REFRESH DONE (exit=0) ===
=== [2026-04-15 03:30:01] FAST SYNC START ===

[*] https://phx1-thryv-vcsa01.expedient.com  —  events since 2026-04-15 07:00:02
    VMs to refresh : 0
    VMs to remove  : 0
/home/mk7193/vcenter/cmdb_sync_fast.py:382: DeprecationWarning: datetime.datetime.utcnow() is deprecated and scheduled for removal in a future version. Use timezone-aware objects to represent datetimes in UTC: datetime.datetime.now(datetime.UTC).
  (datetime.utcnow(), latest_dt if latest_dt != since_dt else None, vcenter_url)
    Updated : 0
    Removed : 0
    Skipped : 0 (VM name not found in vCenter path)

[*] https://ev3vccomp01a.corp.pvt  —  events since 2026-04-15 07:00:03
    VMs to refresh : 0
    VMs to remove  : 0
/home/mk7193/vcenter/cmdb_sync_fast.py:382: DeprecationWarning: datetime.datetime.utcnow() is deprecated and scheduled for removal in a future version. Use timezone-aware objects to represent datetimes in UTC: datetime.datetime.now(datetime.UTC).
  (datetime.utcnow(), latest_dt if latest_dt != since_dt else None, vcenter_url)
    Updated : 0
    Removed : 0
    Skipped : 0 (VM name not found in vCenter path)
/home/mk7193/vcenter/cmdb_sync_fast.py:423: DeprecationWarning: datetime.datetime.utcnow() is deprecated and scheduled for removal in a future version. Use timezone-aware objects to represent datetimes in UTC: datetime.datetime.now(datetime.UTC).
  (datetime.utcnow(), scan_id))

[+] Fast sync complete (scan_id=20)
=== FAST SYNC DONE (exit=0) ===
=== [2026-04-15 04:00:01] FAST SYNC START ===

[*] https://phx1-thryv-vcsa01.expedient.com  —  events since 2026-04-15 07:30:02
    VMs to refresh : 0
    VMs to remove  : 0
/home/mk7193/vcenter/cmdb_sync_fast.py:382: DeprecationWarning: datetime.datetime.utcnow() is deprecated and scheduled for removal in a future version. Use timezone-aware objects to represent datetimes in UTC: datetime.datetime.now(datetime.UTC).
  (datetime.utcnow(), latest_dt if latest_dt != since_dt else None, vcenter_url)
    Updated : 0
    Removed : 0
    Skipped : 0 (VM name not found in vCenter path)

[*] https://ev3vccomp01a.corp.pvt  —  events since 2026-04-15 07:30:04
    VMs to refresh : 0
    VMs to remove  : 0
/home/mk7193/vcenter/cmdb_sync_fast.py:382: DeprecationWarning: datetime.datetime.utcnow() is deprecated and scheduled for removal in a future version. Use timezone-aware objects to represent datetimes in UTC: datetime.datetime.now(datetime.UTC).
  (datetime.utcnow(), latest_dt if latest_dt != since_dt else None, vcenter_url)
    Updated : 0
    Removed : 0
    Skipped : 0 (VM name not found in vCenter path)
/home/mk7193/vcenter/cmdb_sync_fast.py:423: DeprecationWarning: datetime.datetime.utcnow() is deprecated and scheduled for removal in a future version. Use timezone-aware objects to represent datetimes in UTC: datetime.datetime.now(datetime.UTC).
  (datetime.utcnow(), scan_id))

[+] Fast sync complete (scan_id=21)
=== FAST SYNC DONE (exit=0) ===
=== [2026-04-15 04:30:01] FAST SYNC START ===

[*] https://phx1-thryv-vcsa01.expedient.com  —  events since 2026-04-15 08:00:02
    VMs to refresh : 0
    VMs to remove  : 0
/home/mk7193/vcenter/cmdb_sync_fast.py:382: DeprecationWarning: datetime.datetime.utcnow() is deprecated and scheduled for removal in a future version. Use timezone-aware objects to represent datetimes in UTC: datetime.datetime.now(datetime.UTC).
  (datetime.utcnow(), latest_dt if latest_dt != since_dt else None, vcenter_url)
    Updated : 0
    Removed : 0
    Skipped : 0 (VM name not found in vCenter path)

[*] https://ev3vccomp01a.corp.pvt  —  events since 2026-04-15 08:00:03
    VMs to refresh : 0
    VMs to remove  : 0
/home/mk7193/vcenter/cmdb_sync_fast.py:382: DeprecationWarning: datetime.datetime.utcnow() is deprecated and scheduled for removal in a future version. Use timezone-aware objects to represent datetimes in UTC: datetime.datetime.now(datetime.UTC).
  (datetime.utcnow(), latest_dt if latest_dt != since_dt else None, vcenter_url)
    Updated : 0
    Removed : 0
    Skipped : 0 (VM name not found in vCenter path)
/home/mk7193/vcenter/cmdb_sync_fast.py:423: DeprecationWarning: datetime.datetime.utcnow() is deprecated and scheduled for removal in a future version. Use timezone-aware objects to represent datetimes in UTC: datetime.datetime.now(datetime.UTC).
  (datetime.utcnow(), scan_id))

[+] Fast sync complete (scan_id=22)
=== FAST SYNC DONE (exit=0) ===
=== [2026-04-15 05:00:01] FAST SYNC START ===

[*] https://phx1-thryv-vcsa01.expedient.com  —  events since 2026-04-15 08:30:02
    VMs to refresh : 0
    VMs to remove  : 0
/home/mk7193/vcenter/cmdb_sync_fast.py:382: DeprecationWarning: datetime.datetime.utcnow() is deprecated and scheduled for removal in a future version. Use timezone-aware objects to represent datetimes in UTC: datetime.datetime.now(datetime.UTC).
  (datetime.utcnow(), latest_dt if latest_dt != since_dt else None, vcenter_url)
    Updated : 0
    Removed : 0
    Skipped : 0 (VM name not found in vCenter path)

[*] https://ev3vccomp01a.corp.pvt  —  events since 2026-04-15 08:30:03
    VMs to refresh : 0
    VMs to remove  : 0
/home/mk7193/vcenter/cmdb_sync_fast.py:382: DeprecationWarning: datetime.datetime.utcnow() is deprecated and scheduled for removal in a future version. Use timezone-aware objects to represent datetimes in UTC: datetime.datetime.now(datetime.UTC).
  (datetime.utcnow(), latest_dt if latest_dt != since_dt else None, vcenter_url)
    Updated : 0
    Removed : 0
    Skipped : 0 (VM name not found in vCenter path)
/home/mk7193/vcenter/cmdb_sync_fast.py:423: DeprecationWarning: datetime.datetime.utcnow() is deprecated and scheduled for removal in a future version. Use timezone-aware objects to represent datetimes in UTC: datetime.datetime.now(datetime.UTC).
  (datetime.utcnow(), scan_id))

[+] Fast sync complete (scan_id=23)
=== FAST SYNC DONE (exit=0) ===
=== [2026-04-15 05:30:01] FAST SYNC START ===

[*] https://phx1-thryv-vcsa01.expedient.com  —  events since 2026-04-15 09:00:01
    VMs to refresh : 0
    VMs to remove  : 0
/home/mk7193/vcenter/cmdb_sync_fast.py:382: DeprecationWarning: datetime.datetime.utcnow() is deprecated and scheduled for removal in a future version. Use timezone-aware objects to represent datetimes in UTC: datetime.datetime.now(datetime.UTC).
  (datetime.utcnow(), latest_dt if latest_dt != since_dt else None, vcenter_url)
    Updated : 0
    Removed : 0
    Skipped : 0 (VM name not found in vCenter path)

[*] https://ev3vccomp01a.corp.pvt  —  events since 2026-04-15 09:00:04
    VMs to refresh : 0
    VMs to remove  : 0
/home/mk7193/vcenter/cmdb_sync_fast.py:382: DeprecationWarning: datetime.datetime.utcnow() is deprecated and scheduled for removal in a future version. Use timezone-aware objects to represent datetimes in UTC: datetime.datetime.now(datetime.UTC).
  (datetime.utcnow(), latest_dt if latest_dt != since_dt else None, vcenter_url)
    Updated : 0
    Removed : 0
    Skipped : 0 (VM name not found in vCenter path)
/home/mk7193/vcenter/cmdb_sync_fast.py:423: DeprecationWarning: datetime.datetime.utcnow() is deprecated and scheduled for removal in a future version. Use timezone-aware objects to represent datetimes in UTC: datetime.datetime.now(datetime.UTC).
  (datetime.utcnow(), scan_id))

[+] Fast sync complete (scan_id=24)
=== FAST SYNC DONE (exit=0) ===
=== [2026-04-15 06:00:01] FAST SYNC START ===

[*] https://phx1-thryv-vcsa01.expedient.com  —  events since 2026-04-15 09:30:02
    VMs to refresh : 0
    VMs to remove  : 0
/home/mk7193/vcenter/cmdb_sync_fast.py:382: DeprecationWarning: datetime.datetime.utcnow() is deprecated and scheduled for removal in a future version. Use timezone-aware objects to represent datetimes in UTC: datetime.datetime.now(datetime.UTC).
  (datetime.utcnow(), latest_dt if latest_dt != since_dt else None, vcenter_url)
    Updated : 0
    Removed : 0
    Skipped : 0 (VM name not found in vCenter path)

[*] https://ev3vccomp01a.corp.pvt  —  events since 2026-04-15 09:30:04
    VMs to refresh : 0
    VMs to remove  : 0
/home/mk7193/vcenter/cmdb_sync_fast.py:382: DeprecationWarning: datetime.datetime.utcnow() is deprecated and scheduled for removal in a future version. Use timezone-aware objects to represent datetimes in UTC: datetime.datetime.now(datetime.UTC).
  (datetime.utcnow(), latest_dt if latest_dt != since_dt else None, vcenter_url)
    Updated : 0
    Removed : 0
    Skipped : 0 (VM name not found in vCenter path)
/home/mk7193/vcenter/cmdb_sync_fast.py:423: DeprecationWarning: datetime.datetime.utcnow() is deprecated and scheduled for removal in a future version. Use timezone-aware objects to represent datetimes in UTC: datetime.datetime.now(datetime.UTC).
  (datetime.utcnow(), scan_id))

[+] Fast sync complete (scan_id=25)
=== FAST SYNC DONE (exit=0) ===
=== [2026-04-15 06:30:01] FAST SYNC START ===

[*] https://phx1-thryv-vcsa01.expedient.com  —  events since 2026-04-15 10:00:02
    VMs to refresh : 0
    VMs to remove  : 0
/home/mk7193/vcenter/cmdb_sync_fast.py:382: DeprecationWarning: datetime.datetime.utcnow() is deprecated and scheduled for removal in a future version. Use timezone-aware objects to represent datetimes in UTC: datetime.datetime.now(datetime.UTC).
  (datetime.utcnow(), latest_dt if latest_dt != since_dt else None, vcenter_url)
    Updated : 0
    Removed : 0
    Skipped : 0 (VM name not found in vCenter path)

[*] https://ev3vccomp01a.corp.pvt  —  events since 2026-04-15 10:00:04
    VMs to refresh : 0
    VMs to remove  : 0
/home/mk7193/vcenter/cmdb_sync_fast.py:382: DeprecationWarning: datetime.datetime.utcnow() is deprecated and scheduled for removal in a future version. Use timezone-aware objects to represent datetimes in UTC: datetime.datetime.now(datetime.UTC).
  (datetime.utcnow(), latest_dt if latest_dt != since_dt else None, vcenter_url)
    Updated : 0
    Removed : 0
    Skipped : 0 (VM name not found in vCenter path)
/home/mk7193/vcenter/cmdb_sync_fast.py:423: DeprecationWarning: datetime.datetime.utcnow() is deprecated and scheduled for removal in a future version. Use timezone-aware objects to represent datetimes in UTC: datetime.datetime.now(datetime.UTC).
  (datetime.utcnow(), scan_id))

[+] Fast sync complete (scan_id=26)
=== FAST SYNC DONE (exit=0) ===
=== [2026-04-15 07:00:01] FAST SYNC START ===

[*] https://phx1-thryv-vcsa01.expedient.com  —  events since 2026-04-15 10:30:02
    VMs to refresh : 0
    VMs to remove  : 0
/home/mk7193/vcenter/cmdb_sync_fast.py:382: DeprecationWarning: datetime.datetime.utcnow() is deprecated and scheduled for removal in a future version. Use timezone-aware objects to represent datetimes in UTC: datetime.datetime.now(datetime.UTC).
  (datetime.utcnow(), latest_dt if latest_dt != since_dt else None, vcenter_url)
    Updated : 0
    Removed : 0
    Skipped : 0 (VM name not found in vCenter path)

[*] https://ev3vccomp01a.corp.pvt  —  events since 2026-04-15 10:30:03
    VMs to refresh : 0
    VMs to remove  : 0
/home/mk7193/vcenter/cmdb_sync_fast.py:382: DeprecationWarning: datetime.datetime.utcnow() is deprecated and scheduled for removal in a future version. Use timezone-aware objects to represent datetimes in UTC: datetime.datetime.now(datetime.UTC).
  (datetime.utcnow(), latest_dt if latest_dt != since_dt else None, vcenter_url)
    Updated : 0
    Removed : 0
    Skipped : 0 (VM name not found in vCenter path)
/home/mk7193/vcenter/cmdb_sync_fast.py:423: DeprecationWarning: datetime.datetime.utcnow() is deprecated and scheduled for removal in a future version. Use timezone-aware objects to represent datetimes in UTC: datetime.datetime.now(datetime.UTC).
  (datetime.utcnow(), scan_id))

[+] Fast sync complete (scan_id=27)
=== FAST SYNC DONE (exit=0) ===
=== [2026-04-15 07:30:01] FAST SYNC START ===

[*] https://phx1-thryv-vcsa01.expedient.com  —  events since 2026-04-15 11:00:02
    VMs to refresh : 0
    VMs to remove  : 0
/home/mk7193/vcenter/cmdb_sync_fast.py:382: DeprecationWarning: datetime.datetime.utcnow() is deprecated and scheduled for removal in a future version. Use timezone-aware objects to represent datetimes in UTC: datetime.datetime.now(datetime.UTC).
  (datetime.utcnow(), latest_dt if latest_dt != since_dt else None, vcenter_url)
    Updated : 0
    Removed : 0
    Skipped : 0 (VM name not found in vCenter path)

[*] https://ev3vccomp01a.corp.pvt  —  events since 2026-04-15 11:00:03
    VMs to refresh : 0
    VMs to remove  : 0
/home/mk7193/vcenter/cmdb_sync_fast.py:382: DeprecationWarning: datetime.datetime.utcnow() is deprecated and scheduled for removal in a future version. Use timezone-aware objects to represent datetimes in UTC: datetime.datetime.now(datetime.UTC).
  (datetime.utcnow(), latest_dt if latest_dt != since_dt else None, vcenter_url)
    Updated : 0
    Removed : 0
    Skipped : 0 (VM name not found in vCenter path)
/home/mk7193/vcenter/cmdb_sync_fast.py:423: DeprecationWarning: datetime.datetime.utcnow() is deprecated and scheduled for removal in a future version. Use timezone-aware objects to represent datetimes in UTC: datetime.datetime.now(datetime.UTC).
  (datetime.utcnow(), scan_id))

[+] Fast sync complete (scan_id=28)
=== FAST SYNC DONE (exit=0) ===
=== [2026-04-15 08:00:02] FAST SYNC START ===

[*] https://phx1-thryv-vcsa01.expedient.com  —  events since 2026-04-15 11:30:02
    VMs to refresh : 0
    VMs to remove  : 0
/home/mk7193/vcenter/cmdb_sync_fast.py:382: DeprecationWarning: datetime.datetime.utcnow() is deprecated and scheduled for removal in a future version. Use timezone-aware objects to represent datetimes in UTC: datetime.datetime.now(datetime.UTC).
  (datetime.utcnow(), latest_dt if latest_dt != since_dt else None, vcenter_url)
    Updated : 0
    Removed : 0
    Skipped : 0 (VM name not found in vCenter path)

[*] https://ev3vccomp01a.corp.pvt  —  events since 2026-04-15 11:30:03
    VMs to refresh : 0
    VMs to remove  : 0
/home/mk7193/vcenter/cmdb_sync_fast.py:382: DeprecationWarning: datetime.datetime.utcnow() is deprecated and scheduled for removal in a future version. Use timezone-aware objects to represent datetimes in UTC: datetime.datetime.now(datetime.UTC).
  (datetime.utcnow(), latest_dt if latest_dt != since_dt else None, vcenter_url)
    Updated : 0
    Removed : 0
    Skipped : 0 (VM name not found in vCenter path)
/home/mk7193/vcenter/cmdb_sync_fast.py:423: DeprecationWarning: datetime.datetime.utcnow() is deprecated and scheduled for removal in a future version. Use timezone-aware objects to represent datetimes in UTC: datetime.datetime.now(datetime.UTC).
  (datetime.utcnow(), scan_id))

[+] Fast sync complete (scan_id=29)
=== FAST SYNC DONE (exit=0) ===
=== [2026-04-15 08:30:01] FAST SYNC START ===

[*] https://phx1-thryv-vcsa01.expedient.com  —  events since 2026-04-15 12:00:02
    VMs to refresh : 0
    VMs to remove  : 0
/home/mk7193/vcenter/cmdb_sync_fast.py:382: DeprecationWarning: datetime.datetime.utcnow() is deprecated and scheduled for removal in a future version. Use timezone-aware objects to represent datetimes in UTC: datetime.datetime.now(datetime.UTC).
  (datetime.utcnow(), latest_dt if latest_dt != since_dt else None, vcenter_url)
    Updated : 0
    Removed : 0
    Skipped : 0 (VM name not found in vCenter path)

[*] https://ev3vccomp01a.corp.pvt  —  events since 2026-04-15 12:00:04
    VMs to refresh : 0
    VMs to remove  : 0
/home/mk7193/vcenter/cmdb_sync_fast.py:382: DeprecationWarning: datetime.datetime.utcnow() is deprecated and scheduled for removal in a future version. Use timezone-aware objects to represent datetimes in UTC: datetime.datetime.now(datetime.UTC).
  (datetime.utcnow(), latest_dt if latest_dt != since_dt else None, vcenter_url)
    Updated : 0
    Removed : 0
    Skipped : 0 (VM name not found in vCenter path)
/home/mk7193/vcenter/cmdb_sync_fast.py:423: DeprecationWarning: datetime.datetime.utcnow() is deprecated and scheduled for removal in a future version. Use timezone-aware objects to represent datetimes in UTC: datetime.datetime.now(datetime.UTC).
  (datetime.utcnow(), scan_id))

[+] Fast sync complete (scan_id=30)
=== FAST SYNC DONE (exit=0) ===
=== [2026-04-15 09:00:01] FAST SYNC START ===

[*] https://phx1-thryv-vcsa01.expedient.com  —  events since 2026-04-15 12:30:02
    VMs to refresh : 0
    VMs to remove  : 0
/home/mk7193/vcenter/cmdb_sync_fast.py:382: DeprecationWarning: datetime.datetime.utcnow() is deprecated and scheduled for removal in a future version. Use timezone-aware objects to represent datetimes in UTC: datetime.datetime.now(datetime.UTC).
  (datetime.utcnow(), latest_dt if latest_dt != since_dt else None, vcenter_url)
    Updated : 0
    Removed : 0
    Skipped : 0 (VM name not found in vCenter path)

[*] https://ev3vccomp01a.corp.pvt  —  events since 2026-04-15 12:30:04
    VMs to refresh : 0
    VMs to remove  : 0
/home/mk7193/vcenter/cmdb_sync_fast.py:382: DeprecationWarning: datetime.datetime.utcnow() is deprecated and scheduled for removal in a future version. Use timezone-aware objects to represent datetimes in UTC: datetime.datetime.now(datetime.UTC).
  (datetime.utcnow(), latest_dt if latest_dt != since_dt else None, vcenter_url)
    Updated : 0
    Removed : 0
    Skipped : 0 (VM name not found in vCenter path)
/home/mk7193/vcenter/cmdb_sync_fast.py:423: DeprecationWarning: datetime.datetime.utcnow() is deprecated and scheduled for removal in a future version. Use timezone-aware objects to represent datetimes in UTC: datetime.datetime.now(datetime.UTC).
  (datetime.utcnow(), scan_id))

[+] Fast sync complete (scan_id=31)
=== FAST SYNC DONE (exit=0) ===
=== [2026-04-15 09:30:01] FAST SYNC START ===

[*] https://phx1-thryv-vcsa01.expedient.com  —  events since 2026-04-15 13:00:02
    VMs to refresh : 0
    VMs to remove  : 0
/home/mk7193/vcenter/cmdb_sync_fast.py:382: DeprecationWarning: datetime.datetime.utcnow() is deprecated and scheduled for removal in a future version. Use timezone-aware objects to represent datetimes in UTC: datetime.datetime.now(datetime.UTC).
  (datetime.utcnow(), latest_dt if latest_dt != since_dt else None, vcenter_url)
    Updated : 0
    Removed : 0
    Skipped : 0 (VM name not found in vCenter path)

[*] https://ev3vccomp01a.corp.pvt  —  events since 2026-04-15 13:00:03
    VMs to refresh : 0
    VMs to remove  : 0
/home/mk7193/vcenter/cmdb_sync_fast.py:382: DeprecationWarning: datetime.datetime.utcnow() is deprecated and scheduled for removal in a future version. Use timezone-aware objects to represent datetimes in UTC: datetime.datetime.now(datetime.UTC).
  (datetime.utcnow(), latest_dt if latest_dt != since_dt else None, vcenter_url)
    Updated : 0
    Removed : 0
    Skipped : 0 (VM name not found in vCenter path)
/home/mk7193/vcenter/cmdb_sync_fast.py:423: DeprecationWarning: datetime.datetime.utcnow() is deprecated and scheduled for removal in a future version. Use timezone-aware objects to represent datetimes in UTC: datetime.datetime.now(datetime.UTC).
  (datetime.utcnow(), scan_id))

[+] Fast sync complete (scan_id=32)
=== FAST SYNC DONE (exit=0) ===
=== [2026-04-15 10:00:01] FAST SYNC START ===

[*] https://phx1-thryv-vcsa01.expedient.com  —  events since 2026-04-15 13:30:02
    VMs to refresh : 0
    VMs to remove  : 0
/home/mk7193/vcenter/cmdb_sync_fast.py:382: DeprecationWarning: datetime.datetime.utcnow() is deprecated and scheduled for removal in a future version. Use timezone-aware objects to represent datetimes in UTC: datetime.datetime.now(datetime.UTC).
  (datetime.utcnow(), latest_dt if latest_dt != since_dt else None, vcenter_url)
    Updated : 0
    Removed : 0
    Skipped : 0 (VM name not found in vCenter path)

[*] https://ev3vccomp01a.corp.pvt  —  events since 2026-04-15 13:30:03
    VMs to refresh : 0
    VMs to remove  : 0
/home/mk7193/vcenter/cmdb_sync_fast.py:382: DeprecationWarning: datetime.datetime.utcnow() is deprecated and scheduled for removal in a future version. Use timezone-aware objects to represent datetimes in UTC: datetime.datetime.now(datetime.UTC).
  (datetime.utcnow(), latest_dt if latest_dt != since_dt else None, vcenter_url)
    Updated : 0
    Removed : 0
    Skipped : 0 (VM name not found in vCenter path)
/home/mk7193/vcenter/cmdb_sync_fast.py:423: DeprecationWarning: datetime.datetime.utcnow() is deprecated and scheduled for removal in a future version. Use timezone-aware objects to represent datetimes in UTC: datetime.datetime.now(datetime.UTC).
  (datetime.utcnow(), scan_id))

[+] Fast sync complete (scan_id=33)
=== FAST SYNC DONE (exit=0) ===
=== [2026-04-15 10:30:01] FAST SYNC START ===

[*] https://phx1-thryv-vcsa01.expedient.com  —  events since 2026-04-15 14:00:02
    VMs to refresh : 0
    VMs to remove  : 0
/home/mk7193/vcenter/cmdb_sync_fast.py:382: DeprecationWarning: datetime.datetime.utcnow() is deprecated and scheduled for removal in a future version. Use timezone-aware objects to represent datetimes in UTC: datetime.datetime.now(datetime.UTC).
  (datetime.utcnow(), latest_dt if latest_dt != since_dt else None, vcenter_url)
    Updated : 0
    Removed : 0
    Skipped : 0 (VM name not found in vCenter path)

[*] https://ev3vccomp01a.corp.pvt  —  events since 2026-04-15 14:00:03
    VMs to refresh : 0
    VMs to remove  : 0
/home/mk7193/vcenter/cmdb_sync_fast.py:382: DeprecationWarning: datetime.datetime.utcnow() is deprecated and scheduled for removal in a future version. Use timezone-aware objects to represent datetimes in UTC: datetime.datetime.now(datetime.UTC).
  (datetime.utcnow(), latest_dt if latest_dt != since_dt else None, vcenter_url)
    Updated : 0
    Removed : 0
    Skipped : 0 (VM name not found in vCenter path)
/home/mk7193/vcenter/cmdb_sync_fast.py:423: DeprecationWarning: datetime.datetime.utcnow() is deprecated and scheduled for removal in a future version. Use timezone-aware objects to represent datetimes in UTC: datetime.datetime.now(datetime.UTC).
  (datetime.utcnow(), scan_id))

[+] Fast sync complete (scan_id=34)
=== FAST SYNC DONE (exit=0) ===
=== [2026-04-15 11:00:01] FAST SYNC START ===

[*] https://phx1-thryv-vcsa01.expedient.com  —  events since 2026-04-15 14:30:01
    VMs to refresh : 0
    VMs to remove  : 0
/home/mk7193/vcenter/cmdb_sync_fast.py:382: DeprecationWarning: datetime.datetime.utcnow() is deprecated and scheduled for removal in a future version. Use timezone-aware objects to represent datetimes in UTC: datetime.datetime.now(datetime.UTC).
  (datetime.utcnow(), latest_dt if latest_dt != since_dt else None, vcenter_url)
    Updated : 0
    Removed : 0
    Skipped : 0 (VM name not found in vCenter path)

[*] https://ev3vccomp01a.corp.pvt  —  events since 2026-04-15 14:30:03
    VMs to refresh : 0
    VMs to remove  : 0
/home/mk7193/vcenter/cmdb_sync_fast.py:382: DeprecationWarning: datetime.datetime.utcnow() is deprecated and scheduled for removal in a future version. Use timezone-aware objects to represent datetimes in UTC: datetime.datetime.now(datetime.UTC).
  (datetime.utcnow(), latest_dt if latest_dt != since_dt else None, vcenter_url)
    Updated : 0
    Removed : 0
    Skipped : 0 (VM name not found in vCenter path)
/home/mk7193/vcenter/cmdb_sync_fast.py:423: DeprecationWarning: datetime.datetime.utcnow() is deprecated and scheduled for removal in a future version. Use timezone-aware objects to represent datetimes in UTC: datetime.datetime.now(datetime.UTC).
  (datetime.utcnow(), scan_id))

[+] Fast sync complete (scan_id=35)
=== FAST SYNC DONE (exit=0) ===
=== [2026-04-15 11:30:01] FAST SYNC START ===

[*] https://phx1-thryv-vcsa01.expedient.com  —  events since 2026-04-15 15:00:02
    VMs to refresh : 0
    VMs to remove  : 0
/home/mk7193/vcenter/cmdb_sync_fast.py:382: DeprecationWarning: datetime.datetime.utcnow() is deprecated and scheduled for removal in a future version. Use timezone-aware objects to represent datetimes in UTC: datetime.datetime.now(datetime.UTC).
  (datetime.utcnow(), latest_dt if latest_dt != since_dt else None, vcenter_url)
    Updated : 0
    Removed : 0
    Skipped : 0 (VM name not found in vCenter path)

[*] https://ev3vccomp01a.corp.pvt  —  events since 2026-04-15 15:00:04
    VMs to refresh : 0
    VMs to remove  : 0
/home/mk7193/vcenter/cmdb_sync_fast.py:382: DeprecationWarning: datetime.datetime.utcnow() is deprecated and scheduled for removal in a future version. Use timezone-aware objects to represent datetimes in UTC: datetime.datetime.now(datetime.UTC).
  (datetime.utcnow(), latest_dt if latest_dt != since_dt else None, vcenter_url)
    Updated : 0
    Removed : 0
    Skipped : 0 (VM name not found in vCenter path)
/home/mk7193/vcenter/cmdb_sync_fast.py:423: DeprecationWarning: datetime.datetime.utcnow() is deprecated and scheduled for removal in a future version. Use timezone-aware objects to represent datetimes in UTC: datetime.datetime.now(datetime.UTC).
  (datetime.utcnow(), scan_id))

[+] Fast sync complete (scan_id=36)
=== FAST SYNC DONE (exit=0) ===
=== [2026-04-15 12:00:01] FAST SYNC START ===

[*] https://phx1-thryv-vcsa01.expedient.com  —  events since 2026-04-15 15:30:02
    VMs to refresh : 0
    VMs to remove  : 0
/home/mk7193/vcenter/cmdb_sync_fast.py:382: DeprecationWarning: datetime.datetime.utcnow() is deprecated and scheduled for removal in a future version. Use timezone-aware objects to represent datetimes in UTC: datetime.datetime.now(datetime.UTC).
  (datetime.utcnow(), latest_dt if latest_dt != since_dt else None, vcenter_url)
    Updated : 0
    Removed : 0
    Skipped : 0 (VM name not found in vCenter path)

[*] https://ev3vccomp01a.corp.pvt  —  events since 2026-04-15 15:30:03
    VMs to refresh : 0
    VMs to remove  : 0
/home/mk7193/vcenter/cmdb_sync_fast.py:382: DeprecationWarning: datetime.datetime.utcnow() is deprecated and scheduled for removal in a future version. Use timezone-aware objects to represent datetimes in UTC: datetime.datetime.now(datetime.UTC).
  (datetime.utcnow(), latest_dt if latest_dt != since_dt else None, vcenter_url)
    Updated : 0
    Removed : 0
    Skipped : 0 (VM name not found in vCenter path)
/home/mk7193/vcenter/cmdb_sync_fast.py:423: DeprecationWarning: datetime.datetime.utcnow() is deprecated and scheduled for removal in a future version. Use timezone-aware objects to represent datetimes in UTC: datetime.datetime.now(datetime.UTC).
  (datetime.utcnow(), scan_id))

[+] Fast sync complete (scan_id=37)
=== FAST SYNC DONE (exit=0) ===
=== [2026-04-15 12:30:01] FAST SYNC START ===

[*] https://phx1-thryv-vcsa01.expedient.com  —  events since 2026-04-01 00:00:00
    VMs to refresh : 0
    VMs to remove  : 0
    Updated : 0
    Removed : 0
    Skipped : 0 (VM name not found in vCenter path)

[*] https://ev3vccomp01a.corp.pvt  —  events since 2026-04-01 00:00:00
    VMs to refresh : 0
    VMs to remove  : 0
    Updated : 0
    Removed : 0
    Skipped : 0 (VM name not found in vCenter path)

[+] Fast sync complete (scan_id=47)
=== FAST SYNC DONE (exit=0) ===
=== [2026-04-15 13:00:02] FAST SYNC START ===

[*] Scanning https://phx1-thryv-vcsa01.expedient.com
    Found 3489 VMs in vCenter
    200/3489 processed...
    400/3489 processed...
    600/3489 processed...
    800/3489 processed...
    1000/3489 processed...
[!] Error syncing ~/vcenter_inventory/na1: (1205, 'Lock wait timeout exceeded; try restarting transaction')
Traceback (most recent call last):
  File "/home/mk7193/vcenter_inventory/cmdb_sync_fast.py", line 352, in main
    sync_vcenter(env_file, conn, scan_id, dry_run=args.dry_run)
  File "/home/mk7193/vcenter_inventory/cmdb_sync_fast.py", line 289, in sync_vcenter
    node_id = upsert_vm_data(cur, v, field_map, vcenter_url, datacenter, path, scan_id)
              ^^^^^^^^^^^^^^^^^^^^^^^^^^^^^^^^^^^^^^^^^^^^^^^^^^^^^^^^^^^^^^^^^^^^^^^^^
  File "/home/mk7193/vcenter_inventory/cmdb_sync_fast.py", line 232, in upsert_vm_data
    cur.execute(
  File "/home/mk7193/.local/lib/python3.12/site-packages/pymysql/cursors.py", line 153, in execute
    result = self._query(query)
             ^^^^^^^^^^^^^^^^^^
  File "/home/mk7193/.local/lib/python3.12/site-packages/pymysql/cursors.py", line 322, in _query
    conn.query(q)
  File "/home/mk7193/.local/lib/python3.12/site-packages/pymysql/connections.py", line 563, in query
    self._affected_rows = self._read_query_result(unbuffered=unbuffered)
                          ^^^^^^^^^^^^^^^^^^^^^^^^^^^^^^^^^^^^^^^^^^^^^^
  File "/home/mk7193/.local/lib/python3.12/site-packages/pymysql/connections.py", line 825, in _read_query_result
    result.read()
  File "/home/mk7193/.local/lib/python3.12/site-packages/pymysql/connections.py", line 1199, in read
    first_packet = self.connection._read_packet()
                   ^^^^^^^^^^^^^^^^^^^^^^^^^^^^^^
  File "/home/mk7193/.local/lib/python3.12/site-packages/pymysql/connections.py", line 775, in _read_packet
    packet.raise_for_error()
  File "/home/mk7193/.local/lib/python3.12/site-packages/pymysql/protocol.py", line 219, in raise_for_error
    err.raise_mysql_exception(self._data)
  File "/home/mk7193/.local/lib/python3.12/site-packages/pymysql/err.py", line 150, in raise_mysql_exception
    raise errorclass(errno, errval)
pymysql.err.OperationalError: (1205, 'Lock wait timeout exceeded; try restarting transaction')

[*] Scanning https://ev3vccomp01a.corp.pvt
    Found 1644 VMs in vCenter
    200/1644 processed...
    400/1644 processed...
    600/1644 processed...
    800/1644 processed...
    1000/1644 processed...
    1200/1644 processed...
    1400/1644 processed...
    1600/1644 processed...
    Updated/inserted : 1644
    Marked inactive  : 1

[+] Fast sync complete (scan_id=51)
=== FAST SYNC DONE (exit=0) ===
=== [2026-04-15 13:30:01] FAST SYNC START ===

[*] Scanning https://phx1-thryv-vcsa01.expedient.com
    Found 3489 VMs in vCenter
    200/3489 processed...
    400/3489 processed...
    600/3489 processed...
    800/3489 processed...
    1000/3489 processed...
    1200/3489 processed...
    1400/3489 processed...
    1600/3489 processed...
    1800/3489 processed...
    2000/3489 processed...
    2200/3489 processed...
    2400/3489 processed...
    2600/3489 processed...
    2800/3489 processed...
    3000/3489 processed...
    3200/3489 processed...
    3400/3489 processed...
    Updated/inserted : 3489
    Marked inactive  : 2

[*] Scanning https://ev3vccomp01a.corp.pvt
    Found 1644 VMs in vCenter
    200/1644 processed...
    400/1644 processed...
    600/1644 processed...
    800/1644 processed...
    1000/1644 processed...
    1200/1644 processed...
    1400/1644 processed...
    1600/1644 processed...
    Updated/inserted : 1644
    Marked inactive  : 0

[+] Fast sync complete (scan_id=52)
=== FAST SYNC DONE (exit=0) ===
=== [2026-04-15 14:00:01] FAST SYNC START ===

[*] Scanning https://phx1-thryv-vcsa01.expedient.com
    Discovering VMs...
    Found 3489 VMs — fetching details with 20 workers...
    200/3489 fetched...
    400/3489 fetched...
    600/3489 fetched...
    800/3489 fetched...
    1000/3489 fetched...
    1200/3489 fetched...
    1400/3489 fetched...
    1600/3489 fetched...
    1800/3489 fetched...
    2000/3489 fetched...
    2200/3489 fetched...
    2400/3489 fetched...
    2600/3489 fetched...
    2800/3489 fetched...
    Fetched 3489 VMs — upserting to DB...
    Updated/inserted : 3489
    Marked inactive  : 0

[*] Scanning https://ev3vccomp01a.corp.pvt
    Discovering VMs...
    Found 1644 VMs — fetching details with 20 workers...
    200/1644 fetched...
    400/1644 fetched...
    600/1644 fetched...
    800/1644 fetched...
    1000/1644 fetched...
    Fetched 1644 VMs — upserting to DB...
    Updated/inserted : 1644
    Marked inactive  : 0

[+] Fast sync complete (scan_id=55)
=== FAST SYNC DONE (exit=0) ===
=== [2026-04-15 14:30:02] FAST SYNC START ===

[*] Scanning https://phx1-thryv-vcsa01.expedient.com
    Discovering VMs...
    Found 3489 VMs — fetching details with 20 workers...
    200/3489 fetched...
    400/3489 fetched...
    600/3489 fetched...
    800/3489 fetched...
    1000/3489 fetched...
    1200/3489 fetched...
    1400/3489 fetched...
    1600/3489 fetched...
    1800/3489 fetched...
    2000/3489 fetched...
    2200/3489 fetched...
    2400/3489 fetched...
    2600/3489 fetched...
    2800/3489 fetched...
    Fetched 3489 VMs — upserting to DB...
    Updated/inserted : 3489
    Marked inactive  : 0

[*] Scanning https://ev3vccomp01a.corp.pvt
    Discovering VMs...
    Found 1644 VMs — fetching details with 20 workers...
    200/1644 fetched...
    400/1644 fetched...
    600/1644 fetched...
    800/1644 fetched...
    1000/1644 fetched...
    Fetched 1644 VMs — upserting to DB...
    Updated/inserted : 1644
    Marked inactive  : 0

[+] Fast sync complete (scan_id=57)
=== FAST SYNC DONE (exit=0) ===
=== [2026-04-15 15:00:01] FAST SYNC START ===

[*] Scanning https://phx1-thryv-vcsa01.expedient.com
    Discovering VMs...
    Found 3489 VMs — fetching details with 20 workers...
    200/3489 fetched...
    400/3489 fetched...
    600/3489 fetched...
    800/3489 fetched...
    1000/3489 fetched...
    1200/3489 fetched...
    1400/3489 fetched...
    1600/3489 fetched...
    1800/3489 fetched...
    2000/3489 fetched...
    2200/3489 fetched...
    2400/3489 fetched...
    2600/3489 fetched...
    2800/3489 fetched...
    3000/3489 fetched...
    Fetched 3489 VMs — upserting to DB...
    Updated/inserted : 3489
    Marked inactive  : 0

[*] Scanning https://ev3vccomp01a.corp.pvt
    Discovering VMs...
    Found 1644 VMs — fetching details with 20 workers...
    200/1644 fetched...
    400/1644 fetched...
    600/1644 fetched...
    800/1644 fetched...
    1000/1644 fetched...
    Fetched 1644 VMs — upserting to DB...
    Updated/inserted : 1644
    Marked inactive  : 0

[+] Fast sync complete (scan_id=59)
=== FAST SYNC DONE (exit=0) ===
[2026-04-15 15:30:01] [SKIP] Lock file exists (pid=158545), another sync is running.
=== [2026-04-15 16:00:01] FAST SYNC START ===

[*] Scanning https://phx1-thryv-vcsa01.expedient.com
    Discovering VMs...
    Found 3487 VMs — fetching details with 20 workers...
    200/3487 fetched...
    400/3487 fetched...
    600/3487 fetched...
    800/3487 fetched...
    1000/3487 fetched...
    1200/3487 fetched...
    1400/3487 fetched...
    1600/3487 fetched...
    1800/3487 fetched...
    2000/3487 fetched...
    2200/3487 fetched...
    2400/3487 fetched...
    2600/3487 fetched...
    2800/3487 fetched...
    Fetched 3487 VMs — upserting to DB...
    Updated/inserted : 3487
    Marked inactive  : 0

[*] Scanning https://ev3vccomp01a.corp.pvt
    Discovering VMs...
    Found 1644 VMs — fetching details with 20 workers...
    200/1644 fetched...
    400/1644 fetched...
    600/1644 fetched...
    800/1644 fetched...
    1000/1644 fetched...
    Fetched 1644 VMs — upserting to DB...
    Updated/inserted : 1644
    Marked inactive  : 0

[+] Fast sync complete (scan_id=63)
=== FAST SYNC DONE (exit=0) ===
=== [2026-04-15 16:30:01] FAST SYNC START ===

[*] Scanning https://phx1-thryv-vcsa01.expedient.com
    Discovering VMs...
    Found 3487 VMs — fetching details with 20 workers...
    200/3487 fetched...
    400/3487 fetched...
    600/3487 fetched...
    800/3487 fetched...
    1000/3487 fetched...
    1200/3487 fetched...
    1400/3487 fetched...
    1600/3487 fetched...
    1800/3487 fetched...
    2000/3487 fetched...
    2200/3487 fetched...
    2400/3487 fetched...
    2600/3487 fetched...
    2800/3487 fetched...
    Fetched 3487 VMs — upserting to DB...
    Updated/inserted : 3487
    Marked inactive  : 0

[*] Scanning https://ev3vccomp01a.corp.pvt
    Discovering VMs...
    Found 1644 VMs — fetching details with 20 workers...
    200/1644 fetched...
    400/1644 fetched...
    600/1644 fetched...
    800/1644 fetched...
    1000/1644 fetched...
    Fetched 1644 VMs — upserting to DB...
    Updated/inserted : 1644
    Marked inactive  : 0

[+] Fast sync complete (scan_id=65)
=== FAST SYNC DONE (exit=0) ===
=== [2026-04-15 17:00:01] FAST SYNC START ===

[*] Scanning https://phx1-thryv-vcsa01.expedient.com
    Discovering VMs...
    Found 3487 VMs — fetching details with 20 workers...
    200/3487 fetched...
    400/3487 fetched...
    600/3487 fetched...
    800/3487 fetched...
    1000/3487 fetched...
    1200/3487 fetched...
    1400/3487 fetched...
    1600/3487 fetched...
    1800/3487 fetched...
    2000/3487 fetched...
    2200/3487 fetched...
    2400/3487 fetched...
    2600/3487 fetched...
    2800/3487 fetched...
    Fetched 3487 VMs — upserting to DB...
    Updated/inserted : 3487
    Marked inactive  : 0

[*] Scanning https://ev3vccomp01a.corp.pvt
    Discovering VMs...
    Found 1644 VMs — fetching details with 20 workers...
    200/1644 fetched...
    400/1644 fetched...
    600/1644 fetched...
    800/1644 fetched...
    1000/1644 fetched...
    Fetched 1644 VMs — upserting to DB...
    Updated/inserted : 1644
    Marked inactive  : 0

[+] Fast sync complete (scan_id=66)
=== FAST SYNC DONE (exit=0) ===
=== [2026-04-15 17:30:01] FAST SYNC START ===

[*] Scanning https://phx1-thryv-vcsa01.expedient.com
    Discovering VMs...
    Found 3487 VMs — fetching details with 20 workers...
    200/3487 fetched...
    400/3487 fetched...
    600/3487 fetched...
    800/3487 fetched...
    1000/3487 fetched...
    1200/3487 fetched...
    1400/3487 fetched...
    1600/3487 fetched...
    1800/3487 fetched...
    2000/3487 fetched...
    2200/3487 fetched...
    2400/3487 fetched...
    2600/3487 fetched...
    2800/3487 fetched...
    Fetched 3487 VMs — upserting to DB...
    Updated/inserted : 3487
    Marked inactive  : 0

[*] Scanning https://ev3vccomp01a.corp.pvt
    Discovering VMs...
    Found 1644 VMs — fetching details with 20 workers...
    200/1644 fetched...
    400/1644 fetched...
    600/1644 fetched...
    800/1644 fetched...
    1000/1644 fetched...
    Fetched 1644 VMs — upserting to DB...
    Updated/inserted : 1644
    Marked inactive  : 0

[+] Fast sync complete (scan_id=67)
=== FAST SYNC DONE (exit=0) ===
=== [2026-04-15 18:00:02] FAST SYNC START ===

[*] Scanning https://phx1-thryv-vcsa01.expedient.com
    Discovering VMs...
    Found 3487 VMs — fetching details with 20 workers...
    200/3487 fetched...
    400/3487 fetched...
    600/3487 fetched...
    800/3487 fetched...
    1000/3487 fetched...
    1200/3487 fetched...
    1400/3487 fetched...
    1600/3487 fetched...
    1800/3487 fetched...
    2000/3487 fetched...
    2200/3487 fetched...
    2400/3487 fetched...
    2600/3487 fetched...
    2800/3487 fetched...
    Fetched 3486 VMs — upserting to DB...
    Updated/inserted : 3486
    Marked inactive  : 1

[*] Scanning https://ev3vccomp01a.corp.pvt
    Discovering VMs...
    Found 1644 VMs — fetching details with 20 workers...
    200/1644 fetched...
    400/1644 fetched...
    600/1644 fetched...
    800/1644 fetched...
    1000/1644 fetched...
    Fetched 1644 VMs — upserting to DB...
    Updated/inserted : 1644
    Marked inactive  : 0

[+] Fast sync complete (scan_id=68)
=== FAST SYNC DONE (exit=0) ===
=== [2026-04-15 18:30:01] FAST SYNC START ===

[*] Scanning https://phx1-thryv-vcsa01.expedient.com
    Discovering VMs...
    Found 3487 VMs — fetching details with 20 workers...
    200/3487 fetched...
    400/3487 fetched...
    600/3487 fetched...
    800/3487 fetched...
    1000/3487 fetched...
    1200/3487 fetched...
    1400/3487 fetched...
    1600/3487 fetched...
    1800/3487 fetched...
    2000/3487 fetched...
    2200/3487 fetched...
    2400/3487 fetched...
    2600/3487 fetched...
    2800/3487 fetched...
    Fetched 3487 VMs — upserting to DB...
    Updated/inserted : 3487
    Marked inactive  : 0

[*] Scanning https://ev3vccomp01a.corp.pvt
    Discovering VMs...
    Found 1644 VMs — fetching details with 20 workers...
    200/1644 fetched...
    400/1644 fetched...
    600/1644 fetched...
    800/1644 fetched...
    1000/1644 fetched...
    Fetched 1644 VMs — upserting to DB...
    Updated/inserted : 1644
    Marked inactive  : 0

[+] Fast sync complete (scan_id=69)
=== FAST SYNC DONE (exit=0) ===
=== [2026-04-15 19:00:01] FAST SYNC START ===
python3: can't open file '/home/mk7193/vcenter_inventory/cmdb_sync_fast.py': [Errno 2] No such file or directory
=== [2026-04-15 19:30:02] FAST SYNC START ===
python3: can't open file '/home/mk7193/vcenter_inventory/cmdb_sync_fast.py': [Errno 2] No such file or directory
=== [2026-04-15 20:00:01] FAST SYNC START ===
python3: can't open file '/home/mk7193/vcenter_inventory/cmdb_sync_fast.py': [Errno 2] No such file or directory
